<?xml version="1.0" encoding="UTF-8"?>
<!-- Generated by org.testng.reporters.JUnitReportReporter -->
<testsuite hostname="manan" failures="0" tests="1" name="AutomationBasic.BaseUrlTest" time="109.529" errors="0" timestamp="2023-12-03T20:37:16 BDT" skipped="0">
  <testcase classname="AutomationBasic.BaseUrlTest" name="OpenUrl" time="109.529"/>
</testsuite> <!-- AutomationBasic.BaseUrlTest -->
