<?xml version="1.0" encoding="UTF-8"?>
<!-- Generated by org.testng.reporters.JUnitReportReporter -->
<testsuite hostname="manan" failures="0" tests="1" name="AutomationBasic.BaseUrlTest" time="19.232" errors="0" timestamp="2023-12-03T18:33:43 BDT" skipped="0">
  <testcase classname="AutomationBasic.BaseUrlTest" name="OpenUrl" time="19.232"/>
</testsuite> <!-- AutomationBasic.BaseUrlTest -->
